<?xml version="1.0" encoding="UTF-8"?>
<!-- Generated by org.testng.reporters.JUnitXMLReporter -->
<testsuite ignored="0" hostname="LAPTOP-AF2JRBJI" failures="0" tests="4" name="ChromeTest" time="60.544" errors="0" timestamp="2022-11-16T15:14:30 IST">
  <testcase classname="testNGClasses.VarifyUsernameAdressAfterSignInAndCheckItemsOrderedInAYear" name="checkItemsOrderedInAYear" time="5.571"/>
  <testcase classname="testNGClasses.VarifyUsernameAdressAfterSignInAndCheckItemsOrderedInAYear" name="VarifyUsernameAfterLogin" time="2.88"/>
  <testcase classname="testNGClasses.VarifyAddToCartButtonAndOffersForProduct" name="VarifyAddToCartButton" time="11.17"/>
  <testcase classname="testNGClasses.VarifyAddToCartButtonAndOffersForProduct" name="VarifyOffersForProducts" time="6.314"/>
</testsuite> <!-- ChromeTest -->
