<?xml version="1.0" encoding="UTF-8"?>
<!-- Generated by org.testng.reporters.JUnitXMLReporter -->
<testsuite ignored="0" hostname="LAPTOP-AF2JRBJI" failures="0" tests="4" name="Test" time="70.545" errors="0" timestamp="2022-10-31T13:09:19 IST">
  <testcase classname="testNGClasses.VarifyUsernameAdressAfterSignInAndCheckItemsOrderedInAYear" name="checkItemsOrderedInAYear" time="6.498"/>
  <testcase classname="testNGClasses.VarifyUsernameAdressAfterSignInAndCheckItemsOrderedInAYear" name="VarifyUsernameAfterLogin" time="3.073"/>
  <testcase classname="testNGClasses.VarifyAddToCartButtonAndOffersForProduct" name="VarifyAddToCartButton" time="11.203"/>
  <testcase classname="testNGClasses.VarifyAddToCartButtonAndOffersForProduct" name="VarifyOffersForProducts" time="8.406"/>
</testsuite> <!-- Test -->
